[2018-11-06 20:20:24.083] [exthost1] [info] extension host started
[2018-11-06 20:20:24.170] [exthost1] [info] ExtensionService#_doActivateExtension vscode.debug-auto-launch {"startup":true,"activationEvent":"*"}
[2018-11-06 20:20:24.170] [exthost1] [info] ExtensionService#loadCommonJSModule c:\Users\AAYUSH\.codemix\engine\resources\app\extensions\debug-auto-launch\out\extension
[2018-11-06 20:20:24.185] [exthost1] [info] ExtensionService#_doActivateExtension vscode.emmet {"startup":true,"activationEvent":"*"}
[2018-11-06 20:20:24.185] [exthost1] [info] ExtensionService#loadCommonJSModule c:\Users\AAYUSH\.codemix\engine\resources\app\extensions\emmet\dist\extension
[2018-11-06 20:20:24.511] [exthost1] [info] ExtensionService#_doActivateExtension vscode.merge-conflict {"startup":true,"activationEvent":"*"}
[2018-11-06 20:20:24.511] [exthost1] [info] ExtensionService#loadCommonJSModule c:\Users\AAYUSH\.codemix\engine\resources\app\extensions\merge-conflict\out\extension
[2018-11-06 20:20:24.561] [exthost1] [info] ExtensionService#_doActivateExtension vscode.search-rg {"startup":true,"activationEvent":"*"}
[2018-11-06 20:20:24.561] [exthost1] [info] ExtensionService#loadCommonJSModule c:\Users\AAYUSH\.codemix\engine\resources\app\extensions\search-rg\out\extension
[2018-11-06 20:20:24.589] [exthost1] [info] eager extensions activated
[2018-11-06 20:20:25.241] [exthost1] [info] extension host started
[2018-11-06 20:20:25.297] [exthost1] [info] ExtensionService#_doActivateExtension vscode.debug-auto-launch {"startup":true,"activationEvent":"*"}
[2018-11-06 20:20:25.297] [exthost1] [info] ExtensionService#loadCommonJSModule c:\Users\AAYUSH\.codemix\engine\resources\app\extensions\debug-auto-launch\out\extension
[2018-11-06 20:20:25.311] [exthost1] [info] ExtensionService#_doActivateExtension vscode.emmet {"startup":true,"activationEvent":"*"}
[2018-11-06 20:20:25.311] [exthost1] [info] ExtensionService#loadCommonJSModule c:\Users\AAYUSH\.codemix\engine\resources\app\extensions\emmet\dist\extension
[2018-11-06 20:20:25.374] [exthost1] [info] ExtensionService#_doActivateExtension vscode.merge-conflict {"startup":true,"activationEvent":"*"}
[2018-11-06 20:20:25.374] [exthost1] [info] ExtensionService#loadCommonJSModule c:\Users\AAYUSH\.codemix\engine\resources\app\extensions\merge-conflict\out\extension
[2018-11-06 20:20:25.434] [exthost1] [info] ExtensionService#_doActivateExtension vscode.search-rg {"startup":true,"activationEvent":"*"}
[2018-11-06 20:20:25.434] [exthost1] [info] ExtensionService#loadCommonJSModule c:\Users\AAYUSH\.codemix\engine\resources\app\extensions\search-rg\out\extension
[2018-11-06 20:20:25.483] [exthost1] [info] eager extensions activated
[2018-11-06 20:20:25.483] [exthost1] [info] ExtensionService#_doActivateExtension vscode.configuration-editing {"startup":false,"activationEvent":"onLanguage:jsonc"}
[2018-11-06 20:20:25.483] [exthost1] [info] ExtensionService#loadCommonJSModule c:\Users\AAYUSH\.codemix\engine\resources\app\extensions\configuration-editing\out\extension
[2018-11-06 20:20:25.585] [exthost1] [info] ExtensionService#_doActivateExtension vscode.json-language-features {"startup":false,"activationEvent":"onLanguage:jsonc"}
[2018-11-06 20:20:25.586] [exthost1] [info] ExtensionService#loadCommonJSModule c:\Users\AAYUSH\.codemix\engine\resources\app\extensions\json-language-features\client\dist\jsonMain
[2018-11-06 20:20:25.993] [exthost1] [info] ExtensionService#_doActivateExtension vscode.typescript-language-features {"startup":false,"activationEvent":"onLanguage:jsonc"}
[2018-11-06 20:20:25.993] [exthost1] [info] ExtensionService#loadCommonJSModule c:\Users\AAYUSH\.codemix\engine\resources\app\extensions\typescript-language-features\dist\extension
[2018-11-06 20:20:26.120] [exthost1] [info] ExtensionService#_doActivateExtension vscode.grunt {"startup":false,"activationEvent":"onCommand:workbench.action.tasks.runTask"}
[2018-11-06 20:20:26.120] [exthost1] [info] ExtensionService#loadCommonJSModule c:\Users\AAYUSH\.codemix\engine\resources\app\extensions\grunt\out\main
[2018-11-06 20:20:26.127] [exthost1] [info] ExtensionService#_doActivateExtension vscode.gulp {"startup":false,"activationEvent":"onCommand:workbench.action.tasks.runTask"}
[2018-11-06 20:20:26.127] [exthost1] [info] ExtensionService#loadCommonJSModule c:\Users\AAYUSH\.codemix\engine\resources\app\extensions\gulp\out\main
[2018-11-06 20:20:26.132] [exthost1] [info] ExtensionService#_doActivateExtension vscode.jake {"startup":false,"activationEvent":"onCommand:workbench.action.tasks.runTask"}
[2018-11-06 20:20:26.132] [exthost1] [info] ExtensionService#loadCommonJSModule c:\Users\AAYUSH\.codemix\engine\resources\app\extensions\jake\out\main
[2018-11-06 20:20:26.138] [exthost1] [info] ExtensionService#_doActivateExtension vscode.npm {"startup":false,"activationEvent":"onCommand:workbench.action.tasks.runTask"}
[2018-11-06 20:20:26.138] [exthost1] [info] ExtensionService#loadCommonJSModule c:\Users\AAYUSH\.codemix\engine\resources\app\extensions\npm\out\main
